<?xml version="1.0" encoding="UTF-8" ?>
<testsuites>
  <testsuite errors="0" failures="0" hostname="chenhui" id="0" name="Junit_Learn2" package="com.test" skipped="0" tests="2" time="4.488" timestamp="2017-11-30T13:14:03">
      <properties>
[...]
</properties>

      <testcase classname="com.test.Junit_Learn2" name="test1" time="0.006" />

      <testcase classname="com.test.Junit_Learn2" name="test2" time="0.0" />

      <system-out><![CDATA[11111
aaaaa
11111
aaaaa
]]></system-out>

      <system-err><![CDATA[]]></system-err>

  </testsuite>
</testsuites>
